  AnimationCtrl.cpp
c:\jusin\78_3d\myclient\framework_mabi_0108_1700\framework_mabi\engine\headers\Engine_Defines.h(5): fatal error C1083: 포함 파일을 열 수 없습니다. 'd3dx9.h': No such file or directory
  Base.cpp
c:\jusin\78_3d\myclient\framework_mabi_0108_1700\framework_mabi\engine\headers\Engine_Defines.h(5): fatal error C1083: 포함 파일을 열 수 없습니다. 'd3dx9.h': No such file or directory
  Camera.cpp
c:\jusin\78_3d\myclient\framework_mabi_0108_1700\framework_mabi\engine\headers\Engine_Defines.h(5): fatal error C1083: 포함 파일을 열 수 없습니다. 'd3dx9.h': No such file or directory
  Cell.cpp
c:\jusin\78_3d\myclient\framework_mabi_0108_1700\framework_mabi\engine\headers\Engine_Defines.h(5): fatal error C1083: 포함 파일을 열 수 없습니다. 'd3dx9.h': No such file or directory
  Collision.cpp
c:\jusin\78_3d\myclient\framework_mabi_0108_1700\framework_mabi\engine\headers\Engine_Defines.h(5): fatal error C1083: 포함 파일을 열 수 없습니다. 'd3dx9.h': No such file or directory
  Collision_Sphere.cpp
c:\jusin\78_3d\myclient\framework_mabi_0108_1700\framework_mabi\engine\headers\Engine_Defines.h(5): fatal error C1083: 포함 파일을 열 수 없습니다. 'd3dx9.h': No such file or directory
  Component.cpp
c:\jusin\78_3d\myclient\framework_mabi_0108_1700\framework_mabi\engine\headers\Engine_Defines.h(5): fatal error C1083: 포함 파일을 열 수 없습니다. 'd3dx9.h': No such file or directory
  Component_Manager.cpp
c:\jusin\78_3d\myclient\framework_mabi_0108_1700\framework_mabi\engine\headers\Engine_Defines.h(5): fatal error C1083: 포함 파일을 열 수 없습니다. 'd3dx9.h': No such file or directory
  Cube_Texture.cpp
c:\jusin\78_3d\myclient\framework_mabi_0108_1700\framework_mabi\engine\headers\Engine_Defines.h(5): fatal error C1083: 포함 파일을 열 수 없습니다. 'd3dx9.h': No such file or directory
  Frame.cpp
c:\jusin\78_3d\myclient\framework_mabi_0108_1700\framework_mabi\engine\headers\Engine_Defines.h(5): fatal error C1083: 포함 파일을 열 수 없습니다. 'd3dx9.h': No such file or directory
  Frame_Manager.cpp
c:\jusin\78_3d\myclient\framework_mabi_0108_1700\framework_mabi\engine\headers\Engine_Defines.h(5): fatal error C1083: 포함 파일을 열 수 없습니다. 'd3dx9.h': No such file or directory
  Frustum.cpp
c:\jusin\78_3d\myclient\framework_mabi_0108_1700\framework_mabi\engine\headers\Engine_Defines.h(5): fatal error C1083: 포함 파일을 열 수 없습니다. 'd3dx9.h': No such file or directory
  GameObject.cpp
c:\jusin\78_3d\myclient\framework_mabi_0108_1700\framework_mabi\engine\headers\Engine_Defines.h(5): fatal error C1083: 포함 파일을 열 수 없습니다. 'd3dx9.h': No such file or directory
  Graphic_Device.cpp
c:\jusin\78_3d\myclient\framework_mabi_0108_1700\framework_mabi\engine\headers\Engine_Defines.h(5): fatal error C1083: 포함 파일을 열 수 없습니다. 'd3dx9.h': No such file or directory
  HierarchyLoader.cpp
c:\jusin\78_3d\myclient\framework_mabi_0108_1700\framework_mabi\engine\headers\Engine_Defines.h(5): fatal error C1083: 포함 파일을 열 수 없습니다. 'd3dx9.h': No such file or directory
  Information.cpp
c:\jusin\78_3d\myclient\framework_mabi_0108_1700\framework_mabi\engine\headers\Engine_Defines.h(5): fatal error C1083: 포함 파일을 열 수 없습니다. 'd3dx9.h': No such file or directory
  Input_Device.cpp
c:\jusin\78_3d\myclient\framework_mabi_0108_1700\framework_mabi\engine\headers\Engine_Defines.h(5): fatal error C1083: 포함 파일을 열 수 없습니다. 'd3dx9.h': No such file or directory
  Layer.cpp
c:\jusin\78_3d\myclient\framework_mabi_0108_1700\framework_mabi\engine\headers\Engine_Defines.h(5): fatal error C1083: 포함 파일을 열 수 없습니다. 'd3dx9.h': No such file or directory
  Management.cpp
c:\jusin\78_3d\myclient\framework_mabi_0108_1700\framework_mabi\engine\headers\Engine_Defines.h(5): fatal error C1083: 포함 파일을 열 수 없습니다. 'd3dx9.h': No such file or directory
  Mesh.cpp
c:\jusin\78_3d\myclient\framework_mabi_0108_1700\framework_mabi\engine\headers\Engine_Defines.h(5): fatal error C1083: 포함 파일을 열 수 없습니다. 'd3dx9.h': No such file or directory
  컴파일하고 있습니다...
  Mesh_Dynamic.cpp
c:\jusin\78_3d\myclient\framework_mabi_0108_1700\framework_mabi\engine\headers\Engine_Defines.h(5): fatal error C1083: 포함 파일을 열 수 없습니다. 'd3dx9.h': No such file or directory
  Mesh_Static.cpp
c:\jusin\78_3d\myclient\framework_mabi_0108_1700\framework_mabi\engine\headers\Engine_Defines.h(5): fatal error C1083: 포함 파일을 열 수 없습니다. 'd3dx9.h': No such file or directory
  Navigation.cpp
c:\jusin\78_3d\myclient\framework_mabi_0108_1700\framework_mabi\engine\headers\Engine_Defines.h(5): fatal error C1083: 포함 파일을 열 수 없습니다. 'd3dx9.h': No such file or directory
  Object_Manager.cpp
c:\jusin\78_3d\myclient\framework_mabi_0108_1700\framework_mabi\engine\headers\Engine_Defines.h(5): fatal error C1083: 포함 파일을 열 수 없습니다. 'd3dx9.h': No such file or directory
  Picking.cpp
c:\jusin\78_3d\myclient\framework_mabi_0108_1700\framework_mabi\engine\headers\Engine_Defines.h(5): fatal error C1083: 포함 파일을 열 수 없습니다. 'd3dx9.h': No such file or directory
  Rect_Texture.cpp
c:\jusin\78_3d\myclient\framework_mabi_0108_1700\framework_mabi\engine\headers\Engine_Defines.h(5): fatal error C1083: 포함 파일을 열 수 없습니다. 'd3dx9.h': No such file or directory
  Renderer.cpp
c:\jusin\78_3d\myclient\framework_mabi_0108_1700\framework_mabi\engine\headers\Engine_Defines.h(5): fatal error C1083: 포함 파일을 열 수 없습니다. 'd3dx9.h': No such file or directory
  Scene.cpp
c:\jusin\78_3d\myclient\framework_mabi_0108_1700\framework_mabi\engine\headers\Engine_Defines.h(5): fatal error C1083: 포함 파일을 열 수 없습니다. 'd3dx9.h': No such file or directory
  Screen_Texture.cpp
c:\jusin\78_3d\myclient\framework_mabi_0108_1700\framework_mabi\engine\headers\Engine_Defines.h(5): fatal error C1083: 포함 파일을 열 수 없습니다. 'd3dx9.h': No such file or directory
  Shader.cpp
c:\jusin\78_3d\myclient\framework_mabi_0108_1700\framework_mabi\engine\headers\Engine_Defines.h(5): fatal error C1083: 포함 파일을 열 수 없습니다. 'd3dx9.h': No such file or directory
  Terrain_Buffer.cpp
c:\jusin\78_3d\myclient\framework_mabi_0108_1700\framework_mabi\engine\headers\Engine_Defines.h(5): fatal error C1083: 포함 파일을 열 수 없습니다. 'd3dx9.h': No such file or directory
  Texture.cpp
c:\jusin\78_3d\myclient\framework_mabi_0108_1700\framework_mabi\engine\headers\Engine_Defines.h(5): fatal error C1083: 포함 파일을 열 수 없습니다. 'd3dx9.h': No such file or directory
  Timer.cpp
c:\jusin\78_3d\myclient\framework_mabi_0108_1700\framework_mabi\engine\headers\Engine_Defines.h(5): fatal error C1083: 포함 파일을 열 수 없습니다. 'd3dx9.h': No such file or directory
  Timer_Manager.cpp
c:\jusin\78_3d\myclient\framework_mabi_0108_1700\framework_mabi\engine\headers\Engine_Defines.h(5): fatal error C1083: 포함 파일을 열 수 없습니다. 'd3dx9.h': No such file or directory
  Trail_Buffer.cpp
c:\jusin\78_3d\myclient\framework_mabi_0108_1700\framework_mabi\engine\headers\Engine_Defines.h(5): fatal error C1083: 포함 파일을 열 수 없습니다. 'd3dx9.h': No such file or directory
  Transform.cpp
c:\jusin\78_3d\myclient\framework_mabi_0108_1700\framework_mabi\engine\headers\Engine_Defines.h(5): fatal error C1083: 포함 파일을 열 수 없습니다. 'd3dx9.h': No such file or directory
  VIBuffer.cpp
c:\jusin\78_3d\myclient\framework_mabi_0108_1700\framework_mabi\engine\headers\Engine_Defines.h(5): fatal error C1083: 포함 파일을 열 수 없습니다. 'd3dx9.h': No such file or directory
