d:\정의훈\77기\framework\client\default\debug\client.pch
d:\정의훈\77기\framework\client\default\debug\vc140.pdb
d:\정의훈\77기\framework\client\default\debug\vc140.idb
d:\정의훈\77기\framework\client\default\debug\stdafx.obj
d:\정의훈\77기\framework\client\default\debug\back_logo.obj
d:\정의훈\77기\framework\client\default\debug\dynamic_camera.obj
d:\정의훈\77기\framework\client\default\debug\loading.obj
d:\정의훈\77기\framework\client\default\debug\mainapp.obj
d:\정의훈\77기\framework\client\default\debug\scene_logo.obj
d:\정의훈\77기\framework\client\default\debug\scene_stage.obj
d:\정의훈\77기\framework\client\default\debug\terrain.obj
d:\정의훈\77기\framework\client\default\debug\client.obj
d:\정의훈\77기\framework\client\default\debug\player.obj
d:\정의훈\77기\framework\client\default\debug\effect.obj
d:\정의훈\77기\framework\client\default\debug\ui.obj
d:\정의훈\77기\framework\client\default\debug\skybox.obj
d:\정의훈\77기\framework\client\bin\client.ilk
d:\정의훈\77기\framework\client\bin\client.exe
d:\정의훈\77기\framework\client\bin\client.pdb
d:\정의훈\77기\framework\client\default\debug\client.res
d:\정의훈\77기\framework\client\default\debug\client.vcxprojresolveassemblyreference.cache
d:\정의훈\77기\framework\client\default\..\bin\client.exe
d:\정의훈\77기\framework\client\default\debug\client.tlog\cl.command.1.tlog
d:\정의훈\77기\framework\client\default\debug\client.tlog\cl.read.1.tlog
d:\정의훈\77기\framework\client\default\debug\client.tlog\cl.write.1.tlog
d:\정의훈\77기\framework\client\default\debug\client.tlog\link.command.1.tlog
d:\정의훈\77기\framework\client\default\debug\client.tlog\link.read.1.tlog
d:\정의훈\77기\framework\client\default\debug\client.tlog\link.write.1.tlog
d:\정의훈\77기\framework\client\default\debug\client.tlog\rc.command.1.tlog
d:\정의훈\77기\framework\client\default\debug\client.tlog\rc.read.1.tlog
d:\정의훈\77기\framework\client\default\debug\client.tlog\rc.write.1.tlog
