c:\jusin\78_3d\myclient\framework_mabi_1212_1900\framework_mabi\engine\default\debug\vc140.pdb
c:\jusin\78_3d\myclient\framework_mabi_1212_1900\framework_mabi\engine\default\debug\vc140.idb
c:\jusin\78_3d\myclient\framework_mabi_1212_1900\framework_mabi\engine\default\debug\graphic_device.obj
c:\jusin\78_3d\myclient\framework_mabi_1212_1900\framework_mabi\engine\default\debug\hierarchyloader.obj
c:\jusin\78_3d\myclient\framework_mabi_1212_1900\framework_mabi\engine\default\debug\input_device.obj
c:\jusin\78_3d\myclient\framework_mabi_1212_1900\framework_mabi\engine\default\debug\layer.obj
c:\jusin\78_3d\myclient\framework_mabi_1212_1900\framework_mabi\engine\default\debug\management.obj
c:\jusin\78_3d\myclient\framework_mabi_1212_1900\framework_mabi\engine\default\debug\mesh.obj
c:\jusin\78_3d\myclient\framework_mabi_1212_1900\framework_mabi\engine\default\debug\mesh_dynamic.obj
c:\jusin\78_3d\myclient\framework_mabi_1212_1900\framework_mabi\engine\default\debug\mesh_static.obj
c:\jusin\78_3d\myclient\framework_mabi_1212_1900\framework_mabi\engine\default\debug\object_manager.obj
c:\jusin\78_3d\myclient\framework_mabi_1212_1900\framework_mabi\engine\default\debug\picking.obj
c:\jusin\78_3d\myclient\framework_mabi_1212_1900\framework_mabi\engine\default\debug\rect_texture.obj
c:\jusin\78_3d\myclient\framework_mabi_1212_1900\framework_mabi\engine\default\debug\renderer.obj
c:\jusin\78_3d\myclient\framework_mabi_1212_1900\framework_mabi\engine\default\debug\scene.obj
c:\jusin\78_3d\myclient\framework_mabi_1212_1900\framework_mabi\engine\default\debug\screen_texture.obj
c:\jusin\78_3d\myclient\framework_mabi_1212_1900\framework_mabi\engine\default\debug\terrain_buffer.obj
c:\jusin\78_3d\myclient\framework_mabi_1212_1900\framework_mabi\engine\default\debug\texture.obj
c:\jusin\78_3d\myclient\framework_mabi_1212_1900\framework_mabi\engine\default\debug\timer.obj
c:\jusin\78_3d\myclient\framework_mabi_1212_1900\framework_mabi\engine\default\debug\timer_manager.obj
c:\jusin\78_3d\myclient\framework_mabi_1212_1900\framework_mabi\engine\default\debug\transform.obj
c:\jusin\78_3d\myclient\framework_mabi_1212_1900\framework_mabi\engine\default\debug\vibuffer.obj
c:\jusin\78_3d\myclient\framework_mabi_1212_1900\framework_mabi\engine\default\debug\animationctrl.obj
c:\jusin\78_3d\myclient\framework_mabi_1212_1900\framework_mabi\engine\default\debug\base.obj
c:\jusin\78_3d\myclient\framework_mabi_1212_1900\framework_mabi\engine\default\debug\camera.obj
c:\jusin\78_3d\myclient\framework_mabi_1212_1900\framework_mabi\engine\default\debug\collision.obj
c:\jusin\78_3d\myclient\framework_mabi_1212_1900\framework_mabi\engine\default\debug\component.obj
c:\jusin\78_3d\myclient\framework_mabi_1212_1900\framework_mabi\engine\default\debug\component_manager.obj
c:\jusin\78_3d\myclient\framework_mabi_1212_1900\framework_mabi\engine\default\debug\cube_texture.obj
c:\jusin\78_3d\myclient\framework_mabi_1212_1900\framework_mabi\engine\default\debug\frame.obj
c:\jusin\78_3d\myclient\framework_mabi_1212_1900\framework_mabi\engine\default\debug\frame_manager.obj
c:\jusin\78_3d\myclient\framework_mabi_1212_1900\framework_mabi\engine\default\debug\gameobject.obj
c:\jusin\78_3d\myclient\framework_mabi_1212_1900\framework_mabi\engine\default\debug\cell.obj
c:\jusin\78_3d\myclient\framework_mabi_1212_1900\framework_mabi\engine\default\debug\navigation.obj
c:\jusin\78_3d\myclient\framework_mabi_1212_1900\framework_mabi\engine\default\debug\shader.obj
c:\jusin\78_3d\myclient\framework_mabi_1212_1900\framework_mabi\engine\default\debug\collision_sphere.obj
c:\jusin\78_3d\myclient\framework_mabi_1212_1900\framework_mabi\engine\bin\engine.lib
c:\jusin\78_3d\myclient\framework_mabi_1212_1900\framework_mabi\engine\bin\engine.exp
c:\jusin\78_3d\myclient\framework_mabi_1212_1900\framework_mabi\engine\bin\engine.ilk
c:\jusin\78_3d\myclient\framework_mabi_1212_1900\framework_mabi\engine\bin\engine.dll
c:\jusin\78_3d\myclient\framework_mabi_1212_1900\framework_mabi\engine\bin\engine.pdb
c:\jusin\78_3d\myclient\framework_mabi_1212_1900\framework_mabi\engine\default\debug\engine.res
c:\jusin\78_3d\myclient\framework_mabi_1212_1900\framework_mabi\engine\default\debug\collision.obj.enc
c:\jusin\78_3d\myclient\framework_mabi_1212_1900\framework_mabi\engine\default\..\bin\engine.dll
c:\jusin\78_3d\myclient\framework_mabi_1212_1900\framework_mabi\engine\default\debug\engine.tlog\cl.command.1.tlog
c:\jusin\78_3d\myclient\framework_mabi_1212_1900\framework_mabi\engine\default\debug\engine.tlog\cl.read.1.tlog
c:\jusin\78_3d\myclient\framework_mabi_1212_1900\framework_mabi\engine\default\debug\engine.tlog\cl.write.1.tlog
c:\jusin\78_3d\myclient\framework_mabi_1212_1900\framework_mabi\engine\default\debug\engine.tlog\engine.write.1u.tlog
c:\jusin\78_3d\myclient\framework_mabi_1212_1900\framework_mabi\engine\default\debug\engine.tlog\link.command.1.tlog
c:\jusin\78_3d\myclient\framework_mabi_1212_1900\framework_mabi\engine\default\debug\engine.tlog\link.read.1.tlog
c:\jusin\78_3d\myclient\framework_mabi_1212_1900\framework_mabi\engine\default\debug\engine.tlog\link.write.1.tlog
c:\jusin\78_3d\myclient\framework_mabi_1212_1900\framework_mabi\engine\default\debug\engine.tlog\rc.command.1.tlog
c:\jusin\78_3d\myclient\framework_mabi_1212_1900\framework_mabi\engine\default\debug\engine.tlog\rc.read.1.tlog
c:\jusin\78_3d\myclient\framework_mabi_1212_1900\framework_mabi\engine\default\debug\engine.tlog\rc.write.1.tlog
